Started by GitHub push by mdanwarjamal
Obtained Jenkinsfile from git https://github.com/mdanwarjamal/bootcamp10-case-study.git
Running in Durability level: PERFORMANCE_OPTIMIZED
[Pipeline] Start of Pipeline
[Pipeline] node
Running on Jenkins in /var/lib/jenkins/workspace/Bootcamp Case Study CI-CD
[Pipeline] {
[Pipeline] stage
[Pipeline] { (prepare)
[Pipeline] echo
Prepare Tools and Variables to be used in Pipeline Script
[Pipeline] tool
[Pipeline] tool
[Pipeline] }
[Pipeline] // stage
[Pipeline] stage
[Pipeline] { (checkout)
[Pipeline] echo
Checkout Application Code from GitHub Repository
[Pipeline] git
Selected Git installation does not exist. Using Default
The recommended git tool is: NONE
using credential GitHub
 > git rev-parse --resolve-git-dir /var/lib/jenkins/workspace/Bootcamp Case Study CI-CD/.git # timeout=10
Fetching changes from the remote Git repository
 > git config remote.origin.url https://github.com/mdanwarjamal/bootcamp10-case-study.git # timeout=10
Fetching upstream changes from https://github.com/mdanwarjamal/bootcamp10-case-study.git
 > git --version # timeout=10
 > git --version # 'git version 2.17.1'
using GIT_ASKPASS to set credentials GitHub Login HTTPS
 > git fetch --tags --progress -- https://github.com/mdanwarjamal/bootcamp10-case-study.git +refs/heads/*:refs/remotes/origin/* # timeout=10
 > git rev-parse refs/remotes/origin/main^{commit} # timeout=10
Checking out Revision 7478c57173b57c0916a5811a9a782fb6e9f12eb1 (refs/remotes/origin/main)
 > git config core.sparsecheckout # timeout=10
 > git checkout -f 7478c57173b57c0916a5811a9a782fb6e9f12eb1 # timeout=10
 > git branch -a -v --no-abbrev # timeout=10
 > git branch -D main # timeout=10
 > git checkout -b main 7478c57173b57c0916a5811a9a782fb6e9f12eb1 # timeout=10
Commit message: "Update README.md"
 > git rev-list --no-walk d2c001903d3ee1ccf5c7498b660988c8f2a4f3c8 # timeout=10
[Pipeline] }
[Pipeline] // stage
[Pipeline] stage
[Pipeline] { (build)
[Pipeline] echo
Build Application Code
[Pipeline] sh
+ /var/lib/jenkins/tools/hudson.tasks.Maven_MavenInstallation/myMaven/bin/mvn compile
[INFO] Scanning for projects...
[INFO] 
[INFO] -----------------------< com.casestudy:bootcamp >-----------------------
[INFO] Building bootcamp 0.0.1-SNAPSHOT
[INFO] --------------------------------[ jar ]---------------------------------
[INFO] 
[INFO] --- maven-resources-plugin:3.1.0:resources (default-resources) @ bootcamp ---
[INFO] Using 'UTF-8' encoding to copy filtered resources.
[INFO] Copying 1 resource
[INFO] Copying 1 resource
[INFO] 
[INFO] --- maven-compiler-plugin:3.8.1:compile (default-compile) @ bootcamp ---
[INFO] Nothing to compile - all classes are up to date
[INFO] ------------------------------------------------------------------------
[INFO] BUILD SUCCESS
[INFO] ------------------------------------------------------------------------
[INFO] Total time:  2.641 s
[INFO] Finished at: 2021-06-04T10:44:08Z
[INFO] ------------------------------------------------------------------------
[Pipeline] }
[Pipeline] // stage
[Pipeline] stage
[Pipeline] { (package)
[Pipeline] echo
Generate jar file for Application
[Pipeline] sh
+ /var/lib/jenkins/tools/hudson.tasks.Maven_MavenInstallation/myMaven/bin/mvn clean package
[INFO] Scanning for projects...
[INFO] 
[INFO] -----------------------< com.casestudy:bootcamp >-----------------------
[INFO] Building bootcamp 0.0.1-SNAPSHOT
[INFO] --------------------------------[ jar ]---------------------------------
[INFO] 
[INFO] --- maven-clean-plugin:3.1.0:clean (default-clean) @ bootcamp ---
[INFO] Deleting /var/lib/jenkins/workspace/Bootcamp Case Study CI-CD/target
[INFO] 
[INFO] --- maven-resources-plugin:3.1.0:resources (default-resources) @ bootcamp ---
[INFO] Using 'UTF-8' encoding to copy filtered resources.
[INFO] Copying 1 resource
[INFO] Copying 1 resource
[INFO] 
[INFO] --- maven-compiler-plugin:3.8.1:compile (default-compile) @ bootcamp ---
[INFO] Changes detected - recompiling the module!
[INFO] Compiling 2 source files to /var/lib/jenkins/workspace/Bootcamp Case Study CI-CD/target/classes
[INFO] 
[INFO] --- maven-resources-plugin:3.1.0:testResources (default-testResources) @ bootcamp ---
[INFO] Using 'UTF-8' encoding to copy filtered resources.
[INFO] skip non existing resourceDirectory /var/lib/jenkins/workspace/Bootcamp Case Study CI-CD/src/test/resources
[INFO] 
[INFO] --- maven-compiler-plugin:3.8.1:testCompile (default-testCompile) @ bootcamp ---
[INFO] Changes detected - recompiling the module!
[INFO] Compiling 1 source file to /var/lib/jenkins/workspace/Bootcamp Case Study CI-CD/target/test-classes
[INFO] 
[INFO] --- maven-surefire-plugin:2.22.2:test (default-test) @ bootcamp ---
[INFO] 
[INFO] -------------------------------------------------------
[INFO]  T E S T S
[INFO] -------------------------------------------------------
[INFO] Running com.TestMessageController
10:44:17.221 [main] DEBUG org.springframework.test.context.BootstrapUtils - Instantiating CacheAwareContextLoaderDelegate from class [org.springframework.test.context.cache.DefaultCacheAwareContextLoaderDelegate]
10:44:17.261 [main] DEBUG org.springframework.test.context.BootstrapUtils - Instantiating BootstrapContext using constructor [public org.springframework.test.context.support.DefaultBootstrapContext(java.lang.Class,org.springframework.test.context.CacheAwareContextLoaderDelegate)]
10:44:17.301 [main] DEBUG org.springframework.test.context.BootstrapUtils - Instantiating TestContextBootstrapper for test class [com.TestMessageController] from class [org.springframework.boot.test.context.SpringBootTestContextBootstrapper]
10:44:17.331 [main] INFO org.springframework.boot.test.context.SpringBootTestContextBootstrapper - Neither @ContextConfiguration nor @ContextHierarchy found for test class [com.TestMessageController], using SpringBootContextLoader
10:44:17.340 [main] DEBUG org.springframework.test.context.support.AbstractContextLoader - Did not detect default resource location for test class [com.TestMessageController]: class path resource [com/TestMessageController-context.xml] does not exist
10:44:17.341 [main] DEBUG org.springframework.test.context.support.AbstractContextLoader - Did not detect default resource location for test class [com.TestMessageController]: class path resource [com/TestMessageControllerContext.groovy] does not exist
10:44:17.342 [main] INFO org.springframework.test.context.support.AbstractContextLoader - Could not detect default resource locations for test class [com.TestMessageController]: no resource found for suffixes {-context.xml, Context.groovy}.
10:44:17.345 [main] INFO org.springframework.test.context.support.AnnotationConfigContextLoaderUtils - Could not detect default configuration classes for test class [com.TestMessageController]: TestMessageController does not declare any static, non-private, non-final, nested classes annotated with @Configuration.
10:44:17.439 [main] DEBUG org.springframework.test.context.support.ActiveProfilesUtils - Could not find an 'annotation declaring class' for annotation type [org.springframework.test.context.ActiveProfiles] and class [com.TestMessageController]
10:44:17.637 [main] DEBUG org.springframework.context.annotation.ClassPathScanningCandidateComponentProvider - Identified candidate component class: file [/var/lib/jenkins/workspace/Bootcamp Case Study CI-CD/target/classes/com/Application.class]
10:44:17.649 [main] INFO org.springframework.boot.test.context.SpringBootTestContextBootstrapper - Found @SpringBootConfiguration com.Application for test class com.TestMessageController
10:44:17.899 [main] DEBUG org.springframework.boot.test.context.SpringBootTestContextBootstrapper - @TestExecutionListeners is not present for class [com.TestMessageController]: using defaults.
10:44:17.900 [main] INFO org.springframework.boot.test.context.SpringBootTestContextBootstrapper - Loaded default TestExecutionListener class names from location [META-INF/spring.factories]: [org.springframework.boot.test.mock.mockito.MockitoTestExecutionListener, org.springframework.boot.test.mock.mockito.ResetMocksTestExecutionListener, org.springframework.boot.test.autoconfigure.restdocs.RestDocsTestExecutionListener, org.springframework.boot.test.autoconfigure.web.client.MockRestServiceServerResetTestExecutionListener, org.springframework.boot.test.autoconfigure.web.servlet.MockMvcPrintOnlyOnFailureTestExecutionListener, org.springframework.boot.test.autoconfigure.web.servlet.WebDriverTestExecutionListener, org.springframework.test.context.web.ServletTestExecutionListener, org.springframework.test.context.support.DirtiesContextBeforeModesTestExecutionListener, org.springframework.test.context.support.DependencyInjectionTestExecutionListener, org.springframework.test.context.support.DirtiesContextTestExecutionListener, org.springframework.test.context.transaction.TransactionalTestExecutionListener, org.springframework.test.context.jdbc.SqlScriptsTestExecutionListener]
10:44:17.918 [main] DEBUG org.springframework.boot.test.context.SpringBootTestContextBootstrapper - Skipping candidate TestExecutionListener [org.springframework.test.context.transaction.TransactionalTestExecutionListener] due to a missing dependency. Specify custom listener classes or make the default listener classes and their required dependencies available. Offending class: [org/springframework/transaction/TransactionDefinition]
10:44:17.920 [main] DEBUG org.springframework.boot.test.context.SpringBootTestContextBootstrapper - Skipping candidate TestExecutionListener [org.springframework.test.context.jdbc.SqlScriptsTestExecutionListener] due to a missing dependency. Specify custom listener classes or make the default listener classes and their required dependencies available. Offending class: [org/springframework/transaction/interceptor/TransactionAttribute]
10:44:17.922 [main] INFO org.springframework.boot.test.context.SpringBootTestContextBootstrapper - Using TestExecutionListeners: [org.springframework.test.context.web.ServletTestExecutionListener@fa36558, org.springframework.test.context.support.DirtiesContextBeforeModesTestExecutionListener@672872e1, org.springframework.boot.test.mock.mockito.MockitoTestExecutionListener@32910148, org.springframework.boot.test.autoconfigure.SpringBootDependencyInjectionTestExecutionListener@3f56875e, org.springframework.test.context.support.DirtiesContextTestExecutionListener@2b4bac49, org.springframework.boot.test.mock.mockito.ResetMocksTestExecutionListener@fd07cbb, org.springframework.boot.test.autoconfigure.restdocs.RestDocsTestExecutionListener@3571b748, org.springframework.boot.test.autoconfigure.web.client.MockRestServiceServerResetTestExecutionListener@3e96bacf, org.springframework.boot.test.autoconfigure.web.servlet.MockMvcPrintOnlyOnFailureTestExecutionListener@484970b0, org.springframework.boot.test.autoconfigure.web.servlet.WebDriverTestExecutionListener@4470f8a6]
10:44:17.934 [main] DEBUG org.springframework.test.context.support.AbstractDirtiesContextTestExecutionListener - Before test class: context [DefaultTestContext@11c9af63 testClass = TestMessageController, testInstance = [null], testMethod = [null], testException = [null], mergedContextConfiguration = [WebMergedContextConfiguration@757acd7b testClass = TestMessageController, locations = '{}', classes = '{class com.Application}', contextInitializerClasses = '[]', activeProfiles = '{}', propertySourceLocations = '{}', propertySourceProperties = '{org.springframework.boot.test.context.SpringBootTestContextBootstrapper=true}', contextCustomizers = set[org.springframework.boot.test.context.filter.ExcludeFilterContextCustomizer@4de5031f, org.springframework.boot.test.json.DuplicateJsonObjectContextCustomizerFactory$DuplicateJsonObjectContextCustomizer@5ea434c8, org.springframework.boot.test.mock.mockito.MockitoContextCustomizer@0, org.springframework.boot.test.web.client.TestRestTemplateContextCustomizer@2893de87, org.springframework.boot.test.autoconfigure.properties.PropertyMappingContextCustomizer@0, org.springframework.boot.test.autoconfigure.web.servlet.WebDriverContextCustomizerFactory$Customizer@3ee0fea4], resourceBasePath = 'src/main/webapp', contextLoader = 'org.springframework.boot.test.context.SpringBootContextLoader', parent = [null]], attributes = map['org.springframework.test.context.web.ServletTestExecutionListener.activateListener' -> true]], class annotated with @DirtiesContext [false] with mode [null].
10:44:18.004 [main] DEBUG org.springframework.test.context.support.TestPropertySourceUtils - Adding inlined properties to environment: {spring.jmx.enabled=false, org.springframework.boot.test.context.SpringBootTestContextBootstrapper=true, server.port=-1}

  .   ____          _            __ _ _
 /\\ / ___'_ __ _ _(_)_ __  __ _ \ \ \ \
( ( )\___ | '_ | '_| | '_ \/ _` | \ \ \ \
 \\/  ___)| |_)| | | | | || (_| |  ) ) ) )
  '  |____| .__|_| |_|_| |_\__, | / / / /
 =========|_|==============|___/=/_/_/_/
 :: Spring Boot ::        (v2.1.7.RELEASE)

2021-06-04 10:44:18.628  INFO 2015 --- [           main] com.TestMessageController                : Starting TestMessageController on jenkins-master with PID 2015 (started by jenkins in /var/lib/jenkins/workspace/Bootcamp Case Study CI-CD)
2021-06-04 10:44:18.637  INFO 2015 --- [           main] com.TestMessageController                : No active profile set, falling back to default profiles: default
2021-06-04 10:44:23.403  INFO 2015 --- [           main] o.s.s.concurrent.ThreadPoolTaskExecutor  : Initializing ExecutorService 'applicationTaskExecutor'
2021-06-04 10:44:23.605  INFO 2015 --- [           main] o.s.b.a.w.s.WelcomePageHandlerMapping    : Adding welcome page: class path resource [static/index.html]
2021-06-04 10:44:23.971  INFO 2015 --- [           main] com.TestMessageController                : Started TestMessageController in 5.936 seconds (JVM running for 8.05)
2021-06-04 10:44:24.346  INFO 2015 --- [           main] com.MessageController                    : hello, its an info
2021-06-04 10:44:24.373  INFO 2015 --- [           main] com.MessageController                    : hello from test app1
[INFO] Tests run: 2, Failures: 0, Errors: 0, Skipped: 0, Time elapsed: 7.333 s - in com.TestMessageController
2021-06-04 10:44:24.478  INFO 2015 --- [       Thread-2] o.s.s.concurrent.ThreadPoolTaskExecutor  : Shutting down ExecutorService 'applicationTaskExecutor'
[INFO] 
[INFO] Results:
[INFO] 
[INFO] Tests run: 2, Failures: 0, Errors: 0, Skipped: 0
[INFO] 
[INFO] 
[INFO] --- maven-jar-plugin:3.1.2:jar (default-jar) @ bootcamp ---
[INFO] Building jar: /var/lib/jenkins/workspace/Bootcamp Case Study CI-CD/target/bootcamp-0.0.1-SNAPSHOT.jar
[INFO] 
[INFO] --- spring-boot-maven-plugin:2.1.7.RELEASE:repackage (repackage) @ bootcamp ---
[INFO] Replacing main artifact with repackaged archive
[INFO] 
[INFO] --- spring-boot-maven-plugin:2.1.7.RELEASE:repackage (default) @ bootcamp ---
[INFO] Replacing main artifact with repackaged archive
[INFO] ------------------------------------------------------------------------
[INFO] BUILD SUCCESS
[INFO] ------------------------------------------------------------------------
[INFO] Total time:  15.446 s
[INFO] Finished at: 2021-06-04T10:44:26Z
[INFO] ------------------------------------------------------------------------
[Pipeline] }
[Pipeline] // stage
[Pipeline] stage
[Pipeline] { (surefire test)
[Pipeline] sh
+ /var/lib/jenkins/tools/hudson.tasks.Maven_MavenInstallation/myMaven/bin/mvn surefire-report:report
[INFO] Scanning for projects...
[WARNING] The POM for org.eclipse.m2e:lifecycle-mapping:jar:1.0.0 is missing, no dependency information available
[WARNING] Failed to retrieve plugin descriptor for org.eclipse.m2e:lifecycle-mapping:1.0.0: Plugin org.eclipse.m2e:lifecycle-mapping:1.0.0 or one of its dependencies could not be resolved: org.eclipse.m2e:lifecycle-mapping:jar:1.0.0 was not found in https://repo.maven.apache.org/maven2 during a previous attempt. This failure was cached in the local repository and resolution is not reattempted until the update interval of central has elapsed or updates are forced
[INFO] 
[INFO] -----------------------< com.casestudy:bootcamp >-----------------------
[INFO] Building bootcamp 0.0.1-SNAPSHOT
[INFO] --------------------------------[ jar ]---------------------------------
[WARNING] The POM for org.eclipse.m2e:lifecycle-mapping:jar:1.0.0 is missing, no dependency information available
[WARNING] Failed to retrieve plugin descriptor for org.eclipse.m2e:lifecycle-mapping:1.0.0: Plugin org.eclipse.m2e:lifecycle-mapping:1.0.0 or one of its dependencies could not be resolved: org.eclipse.m2e:lifecycle-mapping:jar:1.0.0 was not found in https://repo.maven.apache.org/maven2 during a previous attempt. This failure was cached in the local repository and resolution is not reattempted until the update interval of central has elapsed or updates are forced
[INFO] 
[INFO] >>> maven-surefire-report-plugin:3.0.0-M5:report (default-cli) > [surefire]test @ bootcamp >>>
[INFO] 
[INFO] --- maven-resources-plugin:3.1.0:resources (default-resources) @ bootcamp ---
[INFO] Using 'UTF-8' encoding to copy filtered resources.
[INFO] Copying 1 resource
[INFO] Copying 1 resource
[INFO] 
[INFO] --- maven-compiler-plugin:3.8.1:compile (default-compile) @ bootcamp ---
[INFO] Nothing to compile - all classes are up to date
[INFO] 
[INFO] --- maven-resources-plugin:3.1.0:testResources (default-testResources) @ bootcamp ---
[INFO] Using 'UTF-8' encoding to copy filtered resources.
[INFO] skip non existing resourceDirectory /var/lib/jenkins/workspace/Bootcamp Case Study CI-CD/src/test/resources
[INFO] 
[INFO] --- maven-compiler-plugin:3.8.1:testCompile (default-testCompile) @ bootcamp ---
[INFO] Nothing to compile - all classes are up to date
[INFO] 
[INFO] --- maven-surefire-plugin:2.22.2:test (default-test) @ bootcamp ---
[INFO] 
[INFO] -------------------------------------------------------
[INFO]  T E S T S
[INFO] -------------------------------------------------------
[INFO] Running com.TestMessageController
10:44:34.388 [main] DEBUG org.springframework.test.context.BootstrapUtils - Instantiating CacheAwareContextLoaderDelegate from class [org.springframework.test.context.cache.DefaultCacheAwareContextLoaderDelegate]
10:44:34.418 [main] DEBUG org.springframework.test.context.BootstrapUtils - Instantiating BootstrapContext using constructor [public org.springframework.test.context.support.DefaultBootstrapContext(java.lang.Class,org.springframework.test.context.CacheAwareContextLoaderDelegate)]
10:44:34.448 [main] DEBUG org.springframework.test.context.BootstrapUtils - Instantiating TestContextBootstrapper for test class [com.TestMessageController] from class [org.springframework.boot.test.context.SpringBootTestContextBootstrapper]
10:44:34.467 [main] INFO org.springframework.boot.test.context.SpringBootTestContextBootstrapper - Neither @ContextConfiguration nor @ContextHierarchy found for test class [com.TestMessageController], using SpringBootContextLoader
10:44:34.473 [main] DEBUG org.springframework.test.context.support.AbstractContextLoader - Did not detect default resource location for test class [com.TestMessageController]: class path resource [com/TestMessageController-context.xml] does not exist
10:44:34.474 [main] DEBUG org.springframework.test.context.support.AbstractContextLoader - Did not detect default resource location for test class [com.TestMessageController]: class path resource [com/TestMessageControllerContext.groovy] does not exist
10:44:34.475 [main] INFO org.springframework.test.context.support.AbstractContextLoader - Could not detect default resource locations for test class [com.TestMessageController]: no resource found for suffixes {-context.xml, Context.groovy}.
10:44:34.478 [main] INFO org.springframework.test.context.support.AnnotationConfigContextLoaderUtils - Could not detect default configuration classes for test class [com.TestMessageController]: TestMessageController does not declare any static, non-private, non-final, nested classes annotated with @Configuration.
10:44:34.565 [main] DEBUG org.springframework.test.context.support.ActiveProfilesUtils - Could not find an 'annotation declaring class' for annotation type [org.springframework.test.context.ActiveProfiles] and class [com.TestMessageController]
10:44:34.747 [main] DEBUG org.springframework.context.annotation.ClassPathScanningCandidateComponentProvider - Identified candidate component class: file [/var/lib/jenkins/workspace/Bootcamp Case Study CI-CD/target/classes/com/Application.class]
10:44:34.759 [main] INFO org.springframework.boot.test.context.SpringBootTestContextBootstrapper - Found @SpringBootConfiguration com.Application for test class com.TestMessageController
10:44:34.912 [main] DEBUG org.springframework.boot.test.context.SpringBootTestContextBootstrapper - @TestExecutionListeners is not present for class [com.TestMessageController]: using defaults.
10:44:34.913 [main] INFO org.springframework.boot.test.context.SpringBootTestContextBootstrapper - Loaded default TestExecutionListener class names from location [META-INF/spring.factories]: [org.springframework.boot.test.mock.mockito.MockitoTestExecutionListener, org.springframework.boot.test.mock.mockito.ResetMocksTestExecutionListener, org.springframework.boot.test.autoconfigure.restdocs.RestDocsTestExecutionListener, org.springframework.boot.test.autoconfigure.web.client.MockRestServiceServerResetTestExecutionListener, org.springframework.boot.test.autoconfigure.web.servlet.MockMvcPrintOnlyOnFailureTestExecutionListener, org.springframework.boot.test.autoconfigure.web.servlet.WebDriverTestExecutionListener, org.springframework.test.context.web.ServletTestExecutionListener, org.springframework.test.context.support.DirtiesContextBeforeModesTestExecutionListener, org.springframework.test.context.support.DependencyInjectionTestExecutionListener, org.springframework.test.context.support.DirtiesContextTestExecutionListener, org.springframework.test.context.transaction.TransactionalTestExecutionListener, org.springframework.test.context.jdbc.SqlScriptsTestExecutionListener]
10:44:34.929 [main] DEBUG org.springframework.boot.test.context.SpringBootTestContextBootstrapper - Skipping candidate TestExecutionListener [org.springframework.test.context.transaction.TransactionalTestExecutionListener] due to a missing dependency. Specify custom listener classes or make the default listener classes and their required dependencies available. Offending class: [org/springframework/transaction/TransactionDefinition]
10:44:34.937 [main] DEBUG org.springframework.boot.test.context.SpringBootTestContextBootstrapper - Skipping candidate TestExecutionListener [org.springframework.test.context.jdbc.SqlScriptsTestExecutionListener] due to a missing dependency. Specify custom listener classes or make the default listener classes and their required dependencies available. Offending class: [org/springframework/transaction/interceptor/TransactionAttribute]
10:44:34.939 [main] INFO org.springframework.boot.test.context.SpringBootTestContextBootstrapper - Using TestExecutionListeners: [org.springframework.test.context.web.ServletTestExecutionListener@7c1e2a9e, org.springframework.test.context.support.DirtiesContextBeforeModesTestExecutionListener@fa36558, org.springframework.boot.test.mock.mockito.MockitoTestExecutionListener@672872e1, org.springframework.boot.test.autoconfigure.SpringBootDependencyInjectionTestExecutionListener@32910148, org.springframework.test.context.support.DirtiesContextTestExecutionListener@3f56875e, org.springframework.boot.test.mock.mockito.ResetMocksTestExecutionListener@2b4bac49, org.springframework.boot.test.autoconfigure.restdocs.RestDocsTestExecutionListener@fd07cbb, org.springframework.boot.test.autoconfigure.web.client.MockRestServiceServerResetTestExecutionListener@3571b748, org.springframework.boot.test.autoconfigure.web.servlet.MockMvcPrintOnlyOnFailureTestExecutionListener@3e96bacf, org.springframework.boot.test.autoconfigure.web.servlet.WebDriverTestExecutionListener@484970b0]
10:44:34.950 [main] DEBUG org.springframework.test.context.support.AbstractDirtiesContextTestExecutionListener - Before test class: context [DefaultTestContext@45ca843 testClass = TestMessageController, testInstance = [null], testMethod = [null], testException = [null], mergedContextConfiguration = [WebMergedContextConfiguration@11c9af63 testClass = TestMessageController, locations = '{}', classes = '{class com.Application}', contextInitializerClasses = '[]', activeProfiles = '{}', propertySourceLocations = '{}', propertySourceProperties = '{org.springframework.boot.test.context.SpringBootTestContextBootstrapper=true}', contextCustomizers = set[org.springframework.boot.test.context.filter.ExcludeFilterContextCustomizer@52aa2946, org.springframework.boot.test.json.DuplicateJsonObjectContextCustomizerFactory$DuplicateJsonObjectContextCustomizer@5d47c63f, org.springframework.boot.test.mock.mockito.MockitoContextCustomizer@0, org.springframework.boot.test.web.client.TestRestTemplateContextCustomizer@20d3d15a, org.springframework.boot.test.autoconfigure.properties.PropertyMappingContextCustomizer@0, org.springframework.boot.test.autoconfigure.web.servlet.WebDriverContextCustomizerFactory$Customizer@358c99f5], resourceBasePath = 'src/main/webapp', contextLoader = 'org.springframework.boot.test.context.SpringBootContextLoader', parent = [null]], attributes = map['org.springframework.test.context.web.ServletTestExecutionListener.activateListener' -> true]], class annotated with @DirtiesContext [false] with mode [null].
10:44:34.996 [main] DEBUG org.springframework.test.context.support.TestPropertySourceUtils - Adding inlined properties to environment: {spring.jmx.enabled=false, org.springframework.boot.test.context.SpringBootTestContextBootstrapper=true, server.port=-1}

  .   ____          _            __ _ _
 /\\ / ___'_ __ _ _(_)_ __  __ _ \ \ \ \
( ( )\___ | '_ | '_| | '_ \/ _` | \ \ \ \
 \\/  ___)| |_)| | | | | || (_| |  ) ) ) )
  '  |____| .__|_| |_|_| |_\__, | / / / /
 =========|_|==============|___/=/_/_/_/
 :: Spring Boot ::        (v2.1.7.RELEASE)

2021-06-04 10:44:35.592  INFO 2126 --- [           main] com.TestMessageController                : Starting TestMessageController on jenkins-master with PID 2126 (started by jenkins in /var/lib/jenkins/workspace/Bootcamp Case Study CI-CD)
2021-06-04 10:44:35.596  INFO 2126 --- [           main] com.TestMessageController                : No active profile set, falling back to default profiles: default
2021-06-04 10:44:40.378  INFO 2126 --- [           main] o.s.s.concurrent.ThreadPoolTaskExecutor  : Initializing ExecutorService 'applicationTaskExecutor'
2021-06-04 10:44:40.571  INFO 2126 --- [           main] o.s.b.a.w.s.WelcomePageHandlerMapping    : Adding welcome page: class path resource [static/index.html]
2021-06-04 10:44:40.949  INFO 2126 --- [           main] com.TestMessageController                : Started TestMessageController in 5.929 seconds (JVM running for 7.859)
2021-06-04 10:44:41.335  INFO 2126 --- [           main] com.MessageController                    : hello, its an info
2021-06-04 10:44:41.366  INFO 2126 --- [           main] com.MessageController                    : hello from test app1
[INFO] Tests run: 2, Failures: 0, Errors: 0, Skipped: 0, Time elapsed: 7.13 s - in com.TestMessageController
2021-06-04 10:44:41.447  INFO 2126 --- [       Thread-2] o.s.s.concurrent.ThreadPoolTaskExecutor  : Shutting down ExecutorService 'applicationTaskExecutor'
[INFO] 
[INFO] Results:
[INFO] 
[INFO] Tests run: 2, Failures: 0, Errors: 0, Skipped: 0
[INFO] 
[INFO] 
[INFO] <<< maven-surefire-report-plugin:3.0.0-M5:report (default-cli) < [surefire]test @ bootcamp <<<
[INFO] 
[INFO] 
[INFO] --- maven-surefire-report-plugin:3.0.0-M5:report (default-cli) @ bootcamp ---
[WARNING] Unable to locate Test Source XRef to link to - DISABLED
[INFO] ------------------------------------------------------------------------
[INFO] BUILD SUCCESS
[INFO] ------------------------------------------------------------------------
[INFO] Total time:  13.733 s
[INFO] Finished at: 2021-06-04T10:44:42Z
[INFO] ------------------------------------------------------------------------
[Pipeline] }
[Pipeline] // stage
[Pipeline] stage
[Pipeline] { (publish surefire html report)
[Pipeline] echo
Publish HTML Surefire Report for Junit
[Pipeline] publishHTML
[htmlpublisher] Archiving HTML reports...
[htmlpublisher] Archiving at BUILD level /var/lib/jenkins/workspace/Bootcamp Case Study CI-CD/target/site to /var/lib/jenkins/jobs/Bootcamp Case Study CI-CD/builds/2/htmlreports/HTML_20Surefire_20Report
[Pipeline] }
[Pipeline] // stage
[Pipeline] stage
[Pipeline] { (build docker image)
[Pipeline] echo
Build Docker image from Dockerfile
[Pipeline] sh
+ sudo /var/lib/jenkins/tools/org.jenkinsci.plugins.docker.commons.tools.DockerTool/myDocker/bin/docker build -t mdanwarjamal/bootcamp10-case-study:2.0 .
Sending build context to Docker daemon  17.57MB
Step 1/5 : FROM openjdk:8-alpine
8-alpine: Pulling from library/openjdk
e7c96db7181b: Pulling fs layer
f910a506b6cb: Pulling fs layer
c2274a1a0e27: Pulling fs layer
f910a506b6cb: Verifying Checksum
f910a506b6cb: Download complete
e7c96db7181b: Verifying Checksum
e7c96db7181b: Download complete
e7c96db7181b: Pull complete
f910a506b6cb: Pull complete
c2274a1a0e27: Verifying Checksum
c2274a1a0e27: Download complete
c2274a1a0e27: Pull complete
Digest: sha256:94792824df2df33402f201713f932b58cb9de94a0cd524164a0f2283343547b3
Status: Downloaded newer image for openjdk:8-alpine
 ---> a3562aa0b991
Step 2/5 : LABEL version="1.0" author="Md Anwar Jamal" desc="Case Study Spring Boot Application"
 ---> Running in 3e52fd1c3a24
Removing intermediate container 3e52fd1c3a24
 ---> dc1d221e254a
Step 3/5 : COPY target/bootcamp-0.0.1-SNAPSHOT.jar /usr/local/app/bootcamp.jar
 ---> bcd359b92b3e
Step 4/5 : WORKDIR /usr/local/app
 ---> Running in 9ed596ed7bf1
Removing intermediate container 9ed596ed7bf1
 ---> 62f0763ae1a6
Step 5/5 : ENTRYPOINT [ "java", "-jar", "bootcamp.jar" ]
 ---> Running in a7161e6d9e73
Removing intermediate container a7161e6d9e73
 ---> 0534a0c56c92
Successfully built 0534a0c56c92
Successfully tagged mdanwarjamal/bootcamp10-case-study:2.0
[Pipeline] }
[Pipeline] // stage
[Pipeline] stage
[Pipeline] { (Push to DockerHub)
[Pipeline] echo
Push Docker Image to DockerHub Online Registry
[Pipeline] withCredentials
Masking supported pattern matches of $dockerHubPwd
[Pipeline] {
[Pipeline] sh
Warning: A secret was passed to "sh" using Groovy String interpolation, which is insecure.
		 Affected argument(s) used the following variable(s): [dockerHubUsername, dockerHubPwd]
		 See https://jenkins.io/redirect/groovy-string-interpolation for details.
+ sudo /var/lib/jenkins/tools/org.jenkinsci.plugins.docker.commons.tools.DockerTool/myDocker/bin/docker login -u mdanwarjamal -p ****
Login Succeeded
[Pipeline] sh
Warning: A secret was passed to "sh" using Groovy String interpolation, which is insecure.
		 Affected argument(s) used the following variable(s): [dockerHubUsername]
		 See https://jenkins.io/redirect/groovy-string-interpolation for details.
+ sudo /var/lib/jenkins/tools/org.jenkinsci.plugins.docker.commons.tools.DockerTool/myDocker/bin/docker push mdanwarjamal/bootcamp10-case-study:2.0
The push refers to repository [docker.io/mdanwarjamal/bootcamp10-case-study]
3966785aa60f: Preparing
ceaf9e1ebef5: Preparing
9b9b7f3d56a0: Preparing
f1b5933fe4b5: Preparing
9b9b7f3d56a0: Layer already exists
f1b5933fe4b5: Layer already exists
ceaf9e1ebef5: Layer already exists
3966785aa60f: Pushed
2.0: digest: sha256:2a0601dc1df134b9825fea74d6b23f7a0bad4b10ee5c8ed05c4b36b92aa537c3 size: 1159
[Pipeline] }
[Pipeline] // withCredentials
[Pipeline] }
[Pipeline] // stage
[Pipeline] stage
[Pipeline] { (Deploy Application using Ansible)
[Pipeline] echo
Install Docker in Ansible host machines
[Pipeline] echo
deploying spring application
[Pipeline] ansiblePlaybook
[Bootcamp Case Study CI-CD] $ /usr/bin/ansible-playbook deployment.yml -i myInventory --private-key "/var/lib/jenkins/workspace/Bootcamp Case Study CI-CD/ssh1399584987252468297.key" -u mdanwarjamal

PLAY [all] *********************************************************************

TASK [Gathering Facts] *********************************************************
ok: [172.31.43.188]
ok: [172.31.47.244]

TASK [Installing Docker] *******************************************************
changed: [172.31.43.188]
changed: [172.31.47.244]

TASK [Starting Docker Service] *************************************************
ok: [172.31.43.188]
ok: [172.31.47.244]

TASK [Pulling Docker Image from DockerHub] *************************************
[WARNING]: Consider using 'become', 'become_method', and 'become_user' rather
than running sudo
fatal: [172.31.43.188]: FAILED! => {"changed": true, "cmd": ["sudo", "docker", "pull", "mdanwarjamal/bootcamp10-case-study:2.0"], "delta": "0:00:00.050406", "end": "2021-06-04 10:45:15.599512", "msg": "non-zero return code", "rc": 1, "start": "2021-06-04 10:45:15.549106", "stderr": "Cannot connect to the Docker daemon at unix:///var/run/docker.sock. Is the docker daemon running?", "stderr_lines": ["Cannot connect to the Docker daemon at unix:///var/run/docker.sock. Is the docker daemon running?"], "stdout": "", "stdout_lines": []}
fatal: [172.31.47.244]: FAILED! => {"changed": true, "cmd": ["sudo", "docker", "pull", "mdanwarjamal/bootcamp10-case-study:2.0"], "delta": "0:00:00.052524", "end": "2021-06-04 10:45:15.618749", "msg": "non-zero return code", "rc": 1, "start": "2021-06-04 10:45:15.566225", "stderr": "Cannot connect to the Docker daemon at unix:///var/run/docker.sock. Is the docker daemon running?", "stderr_lines": ["Cannot connect to the Docker daemon at unix:///var/run/docker.sock. Is the docker daemon running?"], "stdout": "", "stdout_lines": []}

RUNNING HANDLER [apt cache update] *********************************************

PLAY RECAP *********************************************************************
172.31.43.188              : ok=3    changed=1    unreachable=0    failed=1    skipped=0    rescued=0    ignored=0   
172.31.47.244              : ok=3    changed=1    unreachable=0    failed=1    skipped=0    rescued=0    ignored=0   

FATAL: command execution failed
hudson.AbortException: Ansible playbook execution failed
	at org.jenkinsci.plugins.ansible.AnsiblePlaybookBuilder.perform(AnsiblePlaybookBuilder.java:262)
	at org.jenkinsci.plugins.ansible.workflow.AnsiblePlaybookStep$AnsiblePlaybookExecution.run(AnsiblePlaybookStep.java:430)
	at org.jenkinsci.plugins.ansible.workflow.AnsiblePlaybookStep$AnsiblePlaybookExecution.run(AnsiblePlaybookStep.java:351)
	at org.jenkinsci.plugins.workflow.steps.AbstractSynchronousNonBlockingStepExecution$1$1.call(AbstractSynchronousNonBlockingStepExecution.java:47)
	at hudson.security.ACL.impersonate2(ACL.java:449)
	at hudson.security.ACL.impersonate(ACL.java:461)
	at org.jenkinsci.plugins.workflow.steps.AbstractSynchronousNonBlockingStepExecution$1.run(AbstractSynchronousNonBlockingStepExecution.java:44)
	at java.util.concurrent.Executors$RunnableAdapter.call(Executors.java:511)
	at java.util.concurrent.FutureTask.run(FutureTask.java:266)
	at java.util.concurrent.ThreadPoolExecutor.runWorker(ThreadPoolExecutor.java:1149)
	at java.util.concurrent.ThreadPoolExecutor$Worker.run(ThreadPoolExecutor.java:624)
	at java.lang.Thread.run(Thread.java:748)
[Pipeline] }
[Pipeline] // stage
[Pipeline] }
[Pipeline] // node
[Pipeline] echo
Exception Occured
[Pipeline] emailext
WARNING: Unknown parameter(s) found for class type 'hudson.plugins.emailext.EmailExtStep': attachlog
Sending email to: cse.mdanwarjamal@gmail.com
[Pipeline] node
Running on Jenkins in /var/lib/jenkins/workspace/Bootcamp Case Study CI-CD
[Pipeline] {
[Pipeline] step
Sending e-mails to: cse.mdanwarjamal@gmail.com
[Pipeline] }
[Pipeline] // node
[Pipeline] End of Pipeline
Finished: FAILURE
